#
# A fatal error has been detected by the Java Runtime Environment:
#
#  Internal Error (javaClasses.cpp:127), pid=19328, tid=19176
#  fatal error: Invalid layout of preloaded class
#
# JRE version:  (8.0_40-b26) (build )
# Java VM: Java HotSpot(TM) 64-Bit Server VM (25.40-b25 mixed mode windows-amd64 compressed oops)
# Failed to write core dump. Minidumps are not enabled by default on client versions of Windows
#
# If you would like to submit a bug report, please visit:
#   http://bugreport.java.com/bugreport/crash.jsp
#

---------------  T H R E A D  ---------------

Current thread (0x0000000000e7e000):  JavaThread "Unknown thread" [_thread_in_vm, id=19176, stack(0x0000000002660000,0x0000000002760000)]

Stack: [0x0000000002660000,0x0000000002760000]
Native frames: (J=compiled Java code, j=interpreted, Vv=VM code, C=native code)
V  [jvm.dll+0x32b47a]
V  [jvm.dll+0x2797f3]
V  [jvm.dll+0x27a489]
V  [jvm.dll+0x271726]
V  [jvm.dll+0x67fd3]
V  [jvm.dll+0x680c3]
V  [jvm.dll+0x7d63a]
V  [jvm.dll+0x7d9a6]
V  [jvm.dll+0xf2077]
V  [jvm.dll+0xf2406]
V  [jvm.dll+0x20f107]
V  [jvm.dll+0x240d9a]
V  [jvm.dll+0x15b941]
C  [javaw.exe+0x217e]
C  [javaw.exe+0xcd17]
C  [javaw.exe+0xcdab]
C  [KERNEL32.DLL+0x13d2]
C  [ntdll.dll+0x15444]


---------------  P R O C E S S  ---------------

Java Threads: ( => current thread )

Other Threads:

=>0x0000000000e7e000 (exited) JavaThread "Unknown thread" [_thread_in_vm, id=19176, stack(0x0000000002660000,0x0000000002760000)]

VM state:not at safepoint (not fully initialized)

VM Mutex/Monitor currently owned by a thread: None

GC Heap History (0 events):
No events

Deoptimization events (0 events):
No events

Internal exceptions (0 events):
No events

Events (10 events):
Event: 0.021 loading class java/lang/CharSequence done
Event: 0.021 loading class java/lang/String done
Event: 0.021 loading class java/lang/Class
Event: 0.021 loading class java/lang/reflect/AnnotatedElement
Event: 0.021 loading class java/lang/reflect/AnnotatedElement done
Event: 0.021 loading class java/lang/reflect/GenericDeclaration
Event: 0.021 loading class java/lang/reflect/GenericDeclaration done
Event: 0.021 loading class java/lang/reflect/Type
Event: 0.021 loading class java/lang/reflect/Type done
Event: 0.021 loading class java/lang/Class done


Dynamic libraries:
0x00007ff66d620000 - 0x00007ff66d657000 	C:\Program Files\Java\jre1.8.0_40\bin\javaw.exe
0x00007ff8016f0000 - 0x00007ff80189c000 	C:\WINDOWS\SYSTEM32\ntdll.dll
0x00007ff801090000 - 0x00007ff8011ce000 	C:\WINDOWS\system32\KERNEL32.DLL
0x00007ff800120000 - 0x00007ff800235000 	C:\WINDOWS\system32\KERNELBASE.dll
0x00007ffffd3c0000 - 0x00007ffffd44e000 	C:\WINDOWS\system32\apphelp.dll
0x00007fffef180000 - 0x00007fffef1d3000 	C:\WINDOWS\AppPatch\AppPatch64\AcGenral.DLL
0x00007ff800550000 - 0x00007ff8005fa000 	C:\WINDOWS\system32\msvcrt.dll
0x00007ffffe650000 - 0x00007ffffe67e000 	C:\WINDOWS\SYSTEM32\SspiCli.dll
0x00007ff800b00000 - 0x00007ff800b54000 	C:\WINDOWS\system32\SHLWAPI.dll
0x00007ff800750000 - 0x00007ff8008c7000 	C:\WINDOWS\system32\USER32.dll
0x00007ff800d80000 - 0x00007ff800f14000 	C:\WINDOWS\system32\ole32.dll
0x00007ffffeac0000 - 0x00007ffffffd8000 	C:\WINDOWS\system32\SHELL32.dll
0x00007ffffddc0000 - 0x00007ffffdde1000 	C:\WINDOWS\SYSTEM32\USERENV.dll
0x00007ff801330000 - 0x00007ff8013da000 	C:\WINDOWS\system32\ADVAPI32.dll
0x00007ffff09c0000 - 0x00007ffff09de000 	C:\WINDOWS\SYSTEM32\MPR.dll
0x00007ff800600000 - 0x00007ff800741000 	C:\WINDOWS\system32\RPCRT4.dll
0x00007ff8008e0000 - 0x00007ff800939000 	C:\WINDOWS\SYSTEM32\sechost.dll
0x00007ff800b60000 - 0x00007ff800d71000 	C:\WINDOWS\SYSTEM32\combase.dll
0x00007ff8011d0000 - 0x00007ff801321000 	C:\WINDOWS\system32\GDI32.dll
0x00007ffffe820000 - 0x00007ffffe835000 	C:\WINDOWS\SYSTEM32\profapi.dll
0x00007ffffd050000 - 0x00007ffffd102000 	C:\WINDOWS\SYSTEM32\SHCORE.dll
0x00007ff801040000 - 0x00007ff801076000 	C:\WINDOWS\system32\IMM32.DLL
0x00007ff800390000 - 0x00007ff8004e1000 	C:\WINDOWS\system32\MSCTF.dll
0x00007ffffc2d0000 - 0x00007ffffc54b000 	C:\WINDOWS\WinSxS\amd64_microsoft.windows.common-controls_6595b64144ccf1df_6.0.9600.17415_none_6240486fecbd8abb\COMCTL32.dll
0x000000005b0b0000 - 0x000000005b182000 	C:\Program Files\Java\jre1.8.0_40\bin\msvcr100.dll
0x000000005a820000 - 0x000000005b0a3000 	C:\Program Files\Java\jre1.8.0_40\bin\server\jvm.dll
0x00007ffff1080000 - 0x00007ffff1089000 	C:\WINDOWS\SYSTEM32\WSOCK32.dll
0x00007ffffa0b0000 - 0x00007ffffa0d2000 	C:\WINDOWS\SYSTEM32\WINMM.dll
0x00007ffff6bf0000 - 0x00007ffff6bfa000 	C:\WINDOWS\SYSTEM32\VERSION.dll
0x00007ff801080000 - 0x00007ff801087000 	C:\WINDOWS\system32\PSAPI.DLL
0x00007ff8004f0000 - 0x00007ff80054a000 	C:\WINDOWS\system32\WS2_32.dll
0x00007ffff9d10000 - 0x00007ffff9d3a000 	C:\WINDOWS\SYSTEM32\WINMMBASE.dll
0x00007ff800360000 - 0x00007ff800369000 	C:\WINDOWS\system32\NSI.dll
0x00007ff800240000 - 0x00007ff80028f000 	C:\WINDOWS\SYSTEM32\cfgmgr32.dll
0x00007ffffd4f0000 - 0x00007ffffd518000 	C:\WINDOWS\SYSTEM32\DEVOBJ.dll
0x000000005a810000 - 0x000000005a81f000 	C:\Program Files\Java\jre1.8.0_40\bin\verify.dll
0x000000005a7e0000 - 0x000000005a809000 	C:\Program Files\Java\jre1.8.0_40\bin\java.dll
0x000000005a7c0000 - 0x000000005a7d6000 	C:\Program Files\Java\jre1.8.0_40\bin\zip.dll
0x00007ffff0c70000 - 0x00007ffff0dfa000 	C:\WINDOWS\SYSTEM32\dbghelp.dll

VM Arguments:
jvm_args: -Dfile.encoding=Cp1252 -Xbootclasspath:C:\Users\Maxine\AppData\Local\Android\sdk\platforms\android-21\android.jar;C:\Users\Maxine\AppData\Local\Android\sdk\add-ons\addon-google_apis-google-21\libs\usb.jar;C:\Users\Maxine\AppData\Local\Android\sdk\add-ons\addon-google_apis-google-21\libs\effects.jar;C:\Users\Maxine\AppData\Local\Android\sdk\add-ons\addon-google_apis-google-21\libs\maps.jar 
java_command: com.androidapp.traffic.Tester
java_class_path (initial): C:\Users\Maxine\Documents\new directory\MainActivity\bin\classes;C:\Users\Maxine\Documents\new directory\MainActivity\libs\android-support-v4.jar;C:\Users\Maxine\Documents\new directory\google_play_services\libproject\google-play-services_lib\libs\google-play-services.jar;C:\Users\Maxine\Documents\new directory\google_play_services\libproject\google-play-services_lib\bin\google-play-services_lib.jar
Launcher Type: SUN_STANDARD

Environment Variables:
CLASSPATH=.;C:\Program Files (x86)\Java\jre7\lib\ext\QTJava.zip
PATH=C:\Python34\;C:\Python34\Scripts;C:\ProgramData\Oracle\Java\javapath;C:\Program Files (x86)\NVIDIA Corporation\PhysX\Common;C:\Program Files (x86)\Intel\iCLS Client\;C:\Program Files\Intel\iCLS Client\;C:\WINDOWS\system32;C:\WINDOWS;C:\WINDOWS\System32\Wbem;C:\WINDOWS\System32\WindowsPowerShell\v1.0\;C:\Program Files\Intel\Intel(R) Management Engine Components\DAL;C:\Program Files\Intel\Intel(R) Management Engine Components\IPT;C:\Program Files (x86)\Intel\Intel(R) Management Engine Components\DAL;C:\Program Files (x86)\Intel\Intel(R) Management Engine Components\IPT;C:\Program Files (x86)\Intel\OpenCL SDK\2.0\bin\x86;C:\Program Files (x86)\Intel\OpenCL SDK\2.0\bin\x64;C:\Program Files (x86)\PharosSystems\Core;C:\Program Files\Java\jdk1.7.0_40\bin;C:\Program Files\Intel\WiFi\bin\;C:\Program Files\Common Files\Intel\WirelessCommon\;C:\Program Files (x86)\QuickTime\QTSystem\;C:\Program Files (x86)\MATLAB\R2012a Student\bin;C:\Program Files (x86)\Git\cmd;C:\Program Files\TortoiseHg\;C:\Program Files (x86)\MySQL\MySQL Fabric 1.5.3 & MySQL Utilities 1.5.3 1.5\;C:\Program Files (x86)\MySQL\MySQL Fabric 1.5.3 & MySQL Utilities 1.5.3 1.5\Doctrine extensions for PHP\;C:\Program Files\nodejs\;C:\Program Files\MongoDB\Server\3.0\bin\;C:\Program Files (x86)\SSH Communications Security\SSH Secure Shell;C:\Program Files (x86)\GPAC;C:\Program Files (x86)\GPAC;C:\Program Files (x86)\GPAC;C:\Users\Maxine\Documents\mkv stuff\mp4box\GPAC;C:\Users\Maxine\Documents\mkv stuff\mp4box\GPAC;C:\Users\Maxine\Documents\mkv stuff\mp4box\GPAC;C:\Users\Maxine\Documents\mkv stuff\mp4box v2\GPAC;C:\Users\Maxine\Documents\mkv stuff\mp4box v2\GPAC;C:\Users\Maxine\Documents\mkv stuff\mp4box v2\GPAC;C:\Users\Maxine\AppData\Roaming\npm
USERNAME=Maxine
OS=Windows_NT
PROCESSOR_IDENTIFIER=Intel64 Family 6 Model 58 Stepping 9, GenuineIntel



---------------  S Y S T E M  ---------------

OS: Windows 8.1 , 64 bit Build 9600 (6.3.9600.17415)

CPU:total 4 (2 cores per cpu, 2 threads per core) family 6 model 58 stepping 9, cmov, cx8, fxsr, mmx, sse, sse2, sse3, ssse3, sse4.1, sse4.2, popcnt, avx, aes, clmul, erms, ht, tsc, tscinvbit, tscinv

Memory: 4k page, physical 6163736k(1775332k free), swap 12455192k(5557796k free)

vm_info: Java HotSpot(TM) 64-Bit Server VM (25.40-b25) for windows-amd64 JRE (1.8.0_40-b26), built on Mar  7 2015 13:51:59 by "java_re" with MS VC++ 10.0 (VS2010)

time: Tue Apr 28 21:42:29 2015
elapsed time: 0 seconds (0d 0h 0m 0s)

